<?xml version="1.0" encoding="UTF-8"?>
<testsuite xmlns:xsi="http://www.w3.org/2001/XMLSchema-instance" xsi:noNamespaceSchemaLocation="https://maven.apache.org/surefire/maven-surefire-plugin/xsd/surefire-test-report-3.0.xsd" version="3.0" name="MutationTest" time="0.046" tests="2" errors="0" skipped="0" failures="0">
  <properties>
    <property name="java.specification.version" value="17"/>
    <property name="sun.jnu.encoding" value="UTF-8"/>
    <property name="java.class.path" value="/Users/kenjikv/Library/CloudStorage/OneDrive-Personal/Freelance/Maestria/Dirección Estrategica en Ingenieria de Software/V2E5/MODULO III - Pruebas de software/Clases/5. Ejemplos/Git/WhiteBox/target/test-classes:/Users/kenjikv/Library/CloudStorage/OneDrive-Personal/Freelance/Maestria/Dirección Estrategica en Ingenieria de Software/V2E5/MODULO III - Pruebas de software/Clases/5. Ejemplos/Git/WhiteBox/target/classes:/Users/kenjikv/.m2/repository/org/junit/jupiter/junit-jupiter-api/5.9.2/junit-jupiter-api-5.9.2.jar:/Users/kenjikv/.m2/repository/org/opentest4j/opentest4j/1.2.0/opentest4j-1.2.0.jar:/Users/kenjikv/.m2/repository/org/junit/platform/junit-platform-commons/1.9.2/junit-platform-commons-1.9.2.jar:/Users/kenjikv/.m2/repository/org/apiguardian/apiguardian-api/1.1.2/apiguardian-api-1.1.2.jar:/Users/kenjikv/.m2/repository/org/junit/jupiter/junit-jupiter-engine/5.9.2/junit-jupiter-engine-5.9.2.jar:/Users/kenjikv/.m2/repository/org/junit/platform/junit-platform-engine/1.9.2/junit-platform-engine-1.9.2.jar:/Users/kenjikv/.m2/repository/org/pitest/pitest-junit5-plugin/1.1.0/pitest-junit5-plugin-1.1.0.jar:"/>
    <property name="java.vm.vendor" value="Homebrew"/>
    <property name="sun.arch.data.model" value="64"/>
    <property name="java.vendor.url" value="https://github.com/Homebrew/homebrew-core/issues"/>
    <property name="os.name" value="Mac OS X"/>
    <property name="java.vm.specification.version" value="17"/>
    <property name="sun.java.launcher" value="SUN_STANDARD"/>
    <property name="user.country" value="US"/>
    <property name="sun.boot.library.path" value="/opt/homebrew/Cellar/openjdk@17/17.0.13/libexec/openjdk.jdk/Contents/Home/lib"/>
    <property name="sun.java.command" value="/Users/kenjikv/Library/CloudStorage/OneDrive-Personal/Freelance/Maestria/Dirección Estrategica en Ingenieria de Software/V2E5/MODULO III - Pruebas de software/Clases/5. Ejemplos/Git/WhiteBox/target/surefire/surefirebooter-20250307185653783_3.jar /Users/kenjikv/Library/CloudStorage/OneDrive-Personal/Freelance/Maestria/Dirección Estrategica en Ingenieria de Software/V2E5/MODULO III - Pruebas de software/Clases/5. Ejemplos/Git/WhiteBox/target/surefire 2025-03-07T18-56-53_740-jvmRun1 surefire-20250307185653783_1tmp surefire_0-20250307185653783_2tmp"/>
    <property name="http.nonProxyHosts" value="local|*.local|169.254/16|*.169.254/16"/>
    <property name="jdk.debug" value="release"/>
    <property name="surefire.test.class.path" value="/Users/kenjikv/Library/CloudStorage/OneDrive-Personal/Freelance/Maestria/Dirección Estrategica en Ingenieria de Software/V2E5/MODULO III - Pruebas de software/Clases/5. Ejemplos/Git/WhiteBox/target/test-classes:/Users/kenjikv/Library/CloudStorage/OneDrive-Personal/Freelance/Maestria/Dirección Estrategica en Ingenieria de Software/V2E5/MODULO III - Pruebas de software/Clases/5. Ejemplos/Git/WhiteBox/target/classes:/Users/kenjikv/.m2/repository/org/junit/jupiter/junit-jupiter-api/5.9.2/junit-jupiter-api-5.9.2.jar:/Users/kenjikv/.m2/repository/org/opentest4j/opentest4j/1.2.0/opentest4j-1.2.0.jar:/Users/kenjikv/.m2/repository/org/junit/platform/junit-platform-commons/1.9.2/junit-platform-commons-1.9.2.jar:/Users/kenjikv/.m2/repository/org/apiguardian/apiguardian-api/1.1.2/apiguardian-api-1.1.2.jar:/Users/kenjikv/.m2/repository/org/junit/jupiter/junit-jupiter-engine/5.9.2/junit-jupiter-engine-5.9.2.jar:/Users/kenjikv/.m2/repository/org/junit/platform/junit-platform-engine/1.9.2/junit-platform-engine-1.9.2.jar:/Users/kenjikv/.m2/repository/org/pitest/pitest-junit5-plugin/1.1.0/pitest-junit5-plugin-1.1.0.jar:"/>
    <property name="sun.cpu.endian" value="little"/>
    <property name="user.home" value="/Users/kenjikv"/>
    <property name="user.language" value="en"/>
    <property name="java.specification.vendor" value="Oracle Corporation"/>
    <property name="java.version.date" value="2024-10-15"/>
    <property name="java.home" value="/opt/homebrew/Cellar/openjdk@17/17.0.13/libexec/openjdk.jdk/Contents/Home"/>
    <property name="file.separator" value="/"/>
    <property name="basedir" value="/Users/kenjikv/Library/CloudStorage/OneDrive-Personal/Freelance/Maestria/Dirección Estrategica en Ingenieria de Software/V2E5/MODULO III - Pruebas de software/Clases/5. Ejemplos/Git/WhiteBox"/>
    <property name="java.vm.compressedOopsMode" value="Zero based"/>
    <property name="line.separator" value="&#10;"/>
    <property name="java.specification.name" value="Java Platform API Specification"/>
    <property name="java.vm.specification.vendor" value="Oracle Corporation"/>
    <property name="surefire.real.class.path" value="/Users/kenjikv/Library/CloudStorage/OneDrive-Personal/Freelance/Maestria/Dirección Estrategica en Ingenieria de Software/V2E5/MODULO III - Pruebas de software/Clases/5. Ejemplos/Git/WhiteBox/target/surefire/surefirebooter-20250307185653783_3.jar"/>
    <property name="sun.management.compiler" value="HotSpot 64-Bit Tiered Compilers"/>
    <property name="ftp.nonProxyHosts" value="local|*.local|169.254/16|*.169.254/16"/>
    <property name="java.runtime.version" value="17.0.13+0"/>
    <property name="user.name" value="kenjikv"/>
    <property name="path.separator" value=":"/>
    <property name="os.version" value="14.4.1"/>
    <property name="java.runtime.name" value="OpenJDK Runtime Environment"/>
    <property name="file.encoding" value="UTF-8"/>
    <property name="java.vm.name" value="OpenJDK 64-Bit Server VM"/>
    <property name="java.vendor.version" value="Homebrew"/>
    <property name="localRepository" value="/Users/kenjikv/.m2/repository"/>
    <property name="java.vendor.url.bug" value="https://github.com/Homebrew/homebrew-core/issues"/>
    <property name="java.io.tmpdir" value="/var/folders/8v/tw1907vd63748rgj10hprpnc0000gn/T/"/>
    <property name="java.version" value="17.0.13"/>
    <property name="user.dir" value="/Users/kenjikv/Library/CloudStorage/OneDrive-Personal/Freelance/Maestria/Dirección Estrategica en Ingenieria de Software/V2E5/MODULO III - Pruebas de software/Clases/5. Ejemplos/Git/WhiteBox"/>
    <property name="os.arch" value="aarch64"/>
    <property name="java.vm.specification.name" value="Java Virtual Machine Specification"/>
    <property name="native.encoding" value="UTF-8"/>
    <property name="java.library.path" value="/Users/kenjikv/Library/Java/Extensions:/Library/Java/Extensions:/Network/Library/Java/Extensions:/System/Library/Java/Extensions:/usr/lib/java:."/>
    <property name="java.vm.info" value="mixed mode, sharing"/>
    <property name="java.vendor" value="Homebrew"/>
    <property name="java.vm.version" value="17.0.13+0"/>
    <property name="java.specification.maintenance.version" value="1"/>
    <property name="sun.io.unicode.encoding" value="UnicodeBig"/>
    <property name="socksNonProxyHosts" value="local|*.local|169.254/16|*.169.254/16"/>
    <property name="java.class.version" value="61.0"/>
  </properties>
  <testcase name="testEvenNumber" classname="MutationTest" time="0.015"/>
  <testcase name="testOddNumber" classname="MutationTest" time="0.001"/>
</testsuite>